Flutter crash report.
Please report a bug at https://github.com/flutter/flutter/issues.

## command

flutter pub get --no-example

## exception

FileSystemException: FileSystemException: Cannot create link, path = 'E:\Mobile\part12\p\windows\flutter\ephemeral\.plugin_symlinks\device_info_plus_windows' (OS Error: Неверная функция.
, errno = 1)

```
#0      _Link.throwIfError (dart:io/link.dart:254:7)
#1      _Link.createSync (dart:io/link.dart:182:5)
#2      ForwardingLink.createSync (package:file/src/forwarding/forwarding_link.dart:20:16)
#3      ForwardingLink.createSync (package:file/src/forwarding/forwarding_link.dart:20:16)
#4      _createPlatformPluginSymlinks (package:flutter_tools/src/flutter_plugins.dart:1055:12)
#5      createPluginSymlinks (package:flutter_tools/src/flutter_plugins.dart:985:5)
#6      refreshPluginsList (package:flutter_tools/src/flutter_plugins.dart:1087:5)
<asynchronous suspension>
#7      FlutterProject.ensureReadyForPlatformSpecificTooling (package:flutter_tools/src/project.dart:357:5)
<asynchronous suspension>
#8      PackagesGetCommand.runCommand (package:flutter_tools/src/commands/packages.dart:337:7)
<asynchronous suspension>
#9      FlutterCommand.run.<anonymous closure> (package:flutter_tools/src/runner/flutter_command.dart:1297:27)
<asynchronous suspension>
#10     AppContext.run.<anonymous closure> (package:flutter_tools/src/base/context.dart:150:19)
<asynchronous suspension>
#11     CommandRunner.runCommand (package:args/command_runner.dart:212:13)
<asynchronous suspension>
#12     FlutterCommandRunner.runCommand.<anonymous closure> (package:flutter_tools/src/runner/flutter_command_runner.dart:339:9)
<asynchronous suspension>
#13     AppContext.run.<anonymous closure> (package:flutter_tools/src/base/context.dart:150:19)
<asynchronous suspension>
#14     FlutterCommandRunner.runCommand (package:flutter_tools/src/runner/flutter_command_runner.dart:285:5)
<asynchronous suspension>
#15     run.<anonymous closure>.<anonymous closure> (package:flutter_tools/runner.dart:115:9)
<asynchronous suspension>
#16     AppContext.run.<anonymous closure> (package:flutter_tools/src/base/context.dart:150:19)
<asynchronous suspension>
#17     main (package:flutter_tools/executable.dart:90:3)
<asynchronous suspension>
```

## flutter doctor

```
[✓] Flutter (Channel stable, 3.13.5, on Microsoft Windows [Version 10.0.22621.2283], locale ru-RU)
    • Flutter version 3.13.5 on channel stable at C:\mobdev\flutter
    • Upstream repository https://github.com/flutter/flutter.git
    • Framework revision 12fccda598 (7 days ago), 2023-09-19 13:56:11 -0700
    • Engine revision bd986c5ed2
    • Dart version 3.1.2
    • DevTools version 2.25.0

[✓] Windows Version (Installed version of Windows is version 10 or higher)

[✓] Android toolchain - develop for Android devices (Android SDK version 34.0.0)
    • Android SDK at C:\Users\iples\AppData\Local\Android\Sdk
    • Platform android-34, build-tools 34.0.0
    • ANDROID_HOME = C:\Users\iples\AppData\Local\Android\Sdk
    • Java binary at: C:\Program Files\Android\Android Studio\jbr\bin\java
    • Java version OpenJDK Runtime Environment (build 17.0.6+0-b2043.56-10027231)
    • All Android licenses accepted.

[✓] Chrome - develop for the web
    • Chrome at C:\Program Files\Google\Chrome\Application\chrome.exe

[✗] Visual Studio - develop Windows apps
    ✗ Visual Studio not installed; this is necessary to develop Windows apps.
      Download at https://visualstudio.microsoft.com/downloads/.
      Please install the "Desktop development with C++" workload, including all of its default components

[✓] Android Studio (version 2022.3)
    • Android Studio at C:\Program Files\Android\Android Studio
    • Flutter plugin can be installed from:
      🔨 https://plugins.jetbrains.com/plugin/9212-flutter
    • Dart plugin can be installed from:
      🔨 https://plugins.jetbrains.com/plugin/6351-dart
    • Java version OpenJDK Runtime Environment (build 17.0.6+0-b2043.56-10027231)

[✓] Connected device (3 available)
    • Windows (desktop) • windows • windows-x64    • Microsoft Windows [Version 10.0.22621.2283]
    • Chrome (web)      • chrome  • web-javascript • Google Chrome 106.0.5249.119
    • Edge (web)        • edge    • web-javascript • Microsoft Edge 117.0.2045.41

[✓] Network resources
    • All expected network resources are available.

! Doctor found issues in 1 category.
```
