Flutter crash report.
Please report a bug at https://github.com/flutter/flutter/issues.

## command

flutter build appbundle --verbose

## exception

FileSystemException: FileSystemException: Cannot create link, path = 'F:\Mobile\part12\p\windows\flutter\ephemeral\.plugin_symlinks\device_info_plus_windows' (OS Error: Неверная функция.
, errno = 1)

```
#0      _Link.throwIfError (dart:io/link.dart:254:7)
#1      _Link.createSync (dart:io/link.dart:182:5)
#2      ForwardingLink.createSync (package:file/src/forwarding/forwarding_link.dart:20:16)
#3      ForwardingLink.createSync (package:file/src/forwarding/forwarding_link.dart:20:16)
#4      _createPlatformPluginSymlinks (package:flutter_tools/src/flutter_plugins.dart:1055:12)
#5      createPluginSymlinks (package:flutter_tools/src/flutter_plugins.dart:985:5)
#6      refreshPluginsList (package:flutter_tools/src/flutter_plugins.dart:1087:5)
<asynchronous suspension>
#7      FlutterProject.ensureReadyForPlatformSpecificTooling (package:flutter_tools/src/project.dart:357:5)
<asynchronous suspension>
#8      FlutterCommand.verifyThenRunCommand (package:flutter_tools/src/runner/flutter_command.dart:1602:7)
<asynchronous suspension>
#9      FlutterCommand.run.<anonymous closure> (package:flutter_tools/src/runner/flutter_command.dart:1297:27)
<asynchronous suspension>
#10     AppContext.run.<anonymous closure> (package:flutter_tools/src/base/context.dart:150:19)
<asynchronous suspension>
#11     CommandRunner.runCommand (package:args/command_runner.dart:212:13)
<asynchronous suspension>
#12     FlutterCommandRunner.runCommand.<anonymous closure> (package:flutter_tools/src/runner/flutter_command_runner.dart:339:9)
<asynchronous suspension>
#13     AppContext.run.<anonymous closure> (package:flutter_tools/src/base/context.dart:150:19)
<asynchronous suspension>
#14     FlutterCommandRunner.runCommand (package:flutter_tools/src/runner/flutter_command_runner.dart:285:5)
<asynchronous suspension>
#15     run.<anonymous closure>.<anonymous closure> (package:flutter_tools/runner.dart:115:9)
<asynchronous suspension>
#16     AppContext.run.<anonymous closure> (package:flutter_tools/src/base/context.dart:150:19)
<asynchronous suspension>
#17     main (package:flutter_tools/executable.dart:90:3)
<asynchronous suspension>
```

## flutter doctor

```
[32m[✓][39m Flutter (Channel stable, 3.13.5, on Microsoft Windows [Version 10.0.18363.1556], locale ru-RU)
    [32m•[39m Flutter version 3.13.5 on channel stable at D:\mobdev\flutter
    [32m•[39m Upstream repository https://github.com/flutter/flutter.git
    [32m•[39m Framework revision 12fccda598 (8 days ago), 2023-09-19 13:56:11 -0700
    [32m•[39m Engine revision bd986c5ed2
    [32m•[39m Dart version 3.1.2
    [32m•[39m DevTools version 2.25.0

[32m[✓][39m Windows Version (Installed version of Windows is version 10 or higher)

[33m[!][39m Android toolchain - develop for Android devices (Android SDK version 33.0.0)
    [32m•[39m Android SDK at C:\Users\user_cl305\AppData\Local\Android\sdk
    [32m•[39m Platform android-33, build-tools 33.0.0
    [32m•[39m Java binary at: C:\Program Files\Android\Android Studio\jre\bin\java
    [32m•[39m Java version OpenJDK Runtime Environment (build 11.0.13+0-b1751.21-8125866)
    [31m✗[39m Android license status unknown.
      Run `flutter doctor --android-licenses` to accept the SDK licenses.
      See https://flutter.dev/docs/get-started/install/windows#android-setup for more details.

[32m[✓][39m Chrome - develop for the web
    [32m•[39m Chrome at C:\Program Files (x86)\Google\Chrome\Application\chrome.exe

[33m[!][39m Visual Studio - develop Windows apps (Visual Studio Community 2019 16.3.9)
    [32m•[39m Visual Studio at C:\Program Files (x86)\Microsoft Visual Studio\2019\Community
    [32m•[39m Visual Studio Community 2019 version 16.3.29509.3
    [31m✗[39m Visual Studio is missing necessary components. Please re-run the Visual Studio installer for the "Desktop development with C++" workload, and include these components:
        MSVC v142 - VS 2019 C++ x64/x86 build tools
         - If there are multiple build tool versions available, install the latest
        C++ CMake tools for Windows
        Windows 10 SDK

[32m[✓][39m Android Studio (version 2021.3)
    [32m•[39m Android Studio at C:\Program Files\Android\Android Studio
    [32m•[39m Flutter plugin can be installed from:
      🔨 https://plugins.jetbrains.com/plugin/9212-flutter
    [32m•[39m Dart plugin can be installed from:
      🔨 https://plugins.jetbrains.com/plugin/6351-dart
    [32m•[39m Java version OpenJDK Runtime Environment (build 11.0.13+0-b1751.21-8125866)

[32m[✓][39m IntelliJ IDEA Community Edition (version 2019.2)
    [32m•[39m IntelliJ at C:\Program Files\JetBrains\IntelliJ IDEA Community Edition 2019.2.4
    [32m•[39m Flutter plugin can be installed from:
      🔨 https://plugins.jetbrains.com/plugin/9212-flutter
    [32m•[39m Dart plugin can be installed from:
      🔨 https://plugins.jetbrains.com/plugin/6351-dart

[32m[✓][39m VS Code (version 1.82.2)
    [32m•[39m VS Code at C:\Users\user_cl305\AppData\Local\Programs\Microsoft VS Code
    [32m•[39m Flutter extension version 3.72.0

[32m[✓][39m Connected device (4 available)
    [32m•[39m sdk gphone x86 (mobile) • emulator-5554 • android-x86    • Android 11 (API 30) (emulator)
    [32m•[39m Windows (desktop)       • windows       • windows-x64    • Microsoft Windows [Version 10.0.18363.1556]
    [32m•[39m Chrome (web)            • chrome        • web-javascript • Google Chrome 117.0.5938.92
    [32m•[39m Edge (web)              • edge          • web-javascript • Microsoft Edge 117.0.2045.41

[32m[✓][39m Network resources
    [32m•[39m All expected network resources are available.

[33m![39m Doctor found issues in 2 categories.
```
